TN:
SF:src/compiler/functions/execute/execute.js
FN:4,(anonymous_0)
FNF:1
FNH:1
FNDA:1,(anonymous_0)
DA:1,1
DA:2,1
DA:4,1
DA:5,1
DA:6,1
DA:7,1
DA:8,1
DA:9,1
LF:8
LH:8
BRF:0
BRH:0
end_of_record
TN:
SF:src/compiler/functions/parse/parse.js
FN:1,(anonymous_0)
FNF:1
FNH:1
FNDA:5,(anonymous_0)
DA:1,1
DA:2,5
DA:3,5
DA:6,4
DA:7,4
DA:8,4
DA:11,4
DA:14,4
DA:15,4
DA:16,4
DA:17,4
DA:18,4
DA:22,4
DA:23,4
DA:26,4
DA:27,4
DA:30,4
DA:31,4
DA:32,4
DA:33,4
DA:36,4
DA:37,4
DA:38,4
DA:41,4
DA:43,4
LF:25
LH:25
BRDA:3,0,0,1
BRDA:3,0,1,4
BRF:2
BRH:2
end_of_record
