TN:
SF:src/compiler/functions/execute/execute.js
FN:4,(anonymous_0)
FNF:1
FNH:1
FNDA:1,(anonymous_0)
DA:1,1
DA:2,1
DA:4,1
DA:5,1
DA:6,1
DA:7,1
DA:8,1
DA:9,1
LF:8
LH:8
BRF:0
BRH:0
end_of_record
TN:
SF:src/compiler/functions/parse/parse.js
FN:1,(anonymous_0)
FNF:1
FNH:1
FNDA:5,(anonymous_0)
DA:1,1
DA:2,5
DA:3,5
DA:6,4
DA:7,4
DA:8,4
DA:11,4
DA:13,4
DA:14,4
DA:17,4
DA:20,4
DA:21,4
DA:22,4
DA:23,4
DA:24,4
DA:25,4
DA:26,4
DA:27,4
DA:28,4
DA:32,4
DA:33,4
DA:36,4
DA:37,4
DA:40,4
DA:41,4
DA:42,4
DA:43,4
DA:46,4
DA:47,4
DA:48,4
DA:51,4
DA:52,4
DA:55,4
DA:56,4
DA:58,4
LF:35
LH:35
BRDA:3,0,0,1
BRDA:3,0,1,4
BRF:2
BRH:2
end_of_record
